<?xml version="1.0" encoding="UTF-8"?>
<testsuite xmlns:xsi="http://www.w3.org/2001/XMLSchema-instance" xsi:noNamespaceSchemaLocation="https://maven.apache.org/surefire/maven-surefire-plugin/xsd/surefire-test-report-3.0.xsd" version="3.0" name="io.jenkins.plugins.sample.DxRunListenerTest" time="2.437" tests="3" errors="0" skipped="0" failures="0">
  <properties>
[...]
</properties>
  <testcase name="testRepositoryDenylistMatching" classname="io.jenkins.plugins.sample.DxRunListenerTest" time="1.141"/>
  <testcase name="testOnCompletedSendsEventsForSuccessFailureAndAborted" classname="io.jenkins.plugins.sample.DxRunListenerTest" time="1.158"/>
  <testcase name="testResultMapping" classname="io.jenkins.plugins.sample.DxRunListenerTest" time="0"/>
</testsuite>